Created by PLY version 3.11 (http://www.dabeaz.com/ply)

Grammar

Rule 0     S' -> statement
Rule 1     statement -> statement_parseCommand
Rule 2     statement_parseCommand -> COMMAND DS
Rule 3     statement_parseCommand -> INFO

Terminals, with rules where they appear

COMMAND              : 2
DS                   : 2
INFO                 : 3
error                : 

Nonterminals, with rules where they appear

statement            : 0
statement_parseCommand : 1

Parsing method: LALR

state 0

    (0) S' -> . statement
    (1) statement -> . statement_parseCommand
    (2) statement_parseCommand -> . COMMAND DS
    (3) statement_parseCommand -> . INFO

    COMMAND         shift and go to state 3
    INFO            shift and go to state 4

    statement                      shift and go to state 1
    statement_parseCommand         shift and go to state 2

state 1

    (0) S' -> statement .



state 2

    (1) statement -> statement_parseCommand .

    $end            reduce using rule 1 (statement -> statement_parseCommand .)


state 3

    (2) statement_parseCommand -> COMMAND . DS

    DS              shift and go to state 5


state 4

    (3) statement_parseCommand -> INFO .

    $end            reduce using rule 3 (statement_parseCommand -> INFO .)


state 5

    (2) statement_parseCommand -> COMMAND DS .

    $end            reduce using rule 2 (statement_parseCommand -> COMMAND DS .)

